globalprotect 
WR-Ven-2.windriver.com - Authentication Failed. Enter login credentials
username(kparmar):verigila
Password:
Retrieving configuration...                                            
Discovering network...                                                 
Connecting...                                                          
Connected                                                              
>> show --status
GlobalProtect status: Connected                                        
>> show --details
Gateway Name: WR-PEK.windriver.com.cn                                  
Gateway Description: APAC (Beijing) China
Assigned IP Address: 128.224.182.13
Gateway IP Address: 60.247.85.91
Gateway Location: 
Protocol: IPSec
Uptime(sec): 13
>> connect WR-Ven-1.windriver.com
Disconnecting...                                                       
Retrieving configuration...                                            
WR-Ven-2.windriver.com - Enter login credentials                       
username(verigila):verigila
Password:
Discovering network...                                                 
Connecting...                                                          
Connected                                                              
>> show --details                
Gateway Name: WR-TOK.windriver.com                                     
Gateway Description: APAC (Tokyo) Japan
Assigned IP Address: 128.224.227.12
Gateway IP Address: 192.103.52.11
Gateway Location: 
Protocol: IPSec
Uptime(sec): 4

